PRO TIP 💡 Replace 'model=yolov5s.pt' with new 'model=yolov5su.pt'.
YOLOv5 'u' models are trained with https://github.com/ultralytics/ultralytics and feature improved performance vs standard YOLOv5 models trained with https://github.com/ultralytics/yolov5.

Ultralytics 8.4.26 🚀 Python-3.12.12 torch-2.10.0+cu128 CUDA:0 (Tesla T4, 14913MiB)
engine/trainer: agnostic_nms=False, amp=True, angle=1.0, augment=False, auto_augment=randaugment, batch=64, bgr=0.0, box=7.5, cache=True, cfg=None, classes=None, close_mosaic=10, cls=0.5, compile=False, conf=None, copy_paste=0.0, copy_paste_mode=flip, cos_lr=False, cutmix=0.0, data=vehicle_dataset/data.yaml, degrees=0.0, deterministic=True, device=0, dfl=1.5, dnn=False, dropout=0.0, dynamic=False, embed=None, end2end=None, epochs=50, erasing=0.4, exist_ok=True, fliplr=0.5, flipud=0.0, format=torchscript, fraction=1.0, freeze=None, half=False, hsv_h=0.015, hsv_s=0.7, hsv_v=0.4, imgsz=640, int8=False, iou=0.7, keras=False, kobj=1.0, line_width=None, lr0=0.01, lrf=0.01, mask_ratio=4, max_det=300, mixup=0.0, mode=train, model=yolov5s.pt, momentum=0.937, mosaic=1.0, multi_scale=0.0, name=train, nbs=64, nms=False, opset=None, optimize=False, optimizer=auto, overlap_mask=True, patience=100, perspective=0.0, plots=True, pose=12.0, pretrained=True, profile=False, project=None, rect=False, resume=False, retina_masks=False, rle=1.0, save=True, save_conf=False, save_crop=False, save_dir=/content/runs/detect/train, save_frames=False, save_json=False, save_period=-1, save_txt=False, scale=0.5, seed=0, shear=0.0, show=False, show_boxes=True, show_conf=True, show_labels=True, simplify=True, single_cls=False, source=None, split=val, stream_buffer=False, task=detect, time=None, tracker=botsort.yaml, translate=0.1, val=True, verbose=True, vid_stride=1, visualize=False, warmup_bias_lr=0.1, warmup_epochs=3.0, warmup_momentum=0.8, weight_decay=0.0005, workers=4, workspace=None
Overriding model.yaml nc=80 with nc=5

                   from  n    params  module                                       arguments                     
  0                  -1  1      3520  ultralytics.nn.modules.conv.Conv             [3, 32, 6, 2, 2]              
  1                  -1  1     18560  ultralytics.nn.modules.conv.Conv             [32, 64, 3, 2]                
  2                  -1  1     18816  ultralytics.nn.modules.block.C3              [64, 64, 1]                   
  3                  -1  1     73984  ultralytics.nn.modules.conv.Conv             [64, 128, 3, 2]               
  4                  -1  2    115712  ultralytics.nn.modules.block.C3              [128, 128, 2]                 
  5                  -1  1    295424  ultralytics.nn.modules.conv.Conv             [128, 256, 3, 2]              
  6                  -1  3    625152  ultralytics.nn.modules.block.C3              [256, 256, 3]                 
  7                  -1  1   1180672  ultralytics.nn.modules.conv.Conv             [256, 512, 3, 2]              
  8                  -1  1   1182720  ultralytics.nn.modules.block.C3              [512, 512, 1]                 
  9                  -1  1    656896  ultralytics.nn.modules.block.SPPF            [512, 512, 5]                 
 10                  -1  1    131584  ultralytics.nn.modules.conv.Conv             [512, 256, 1, 1]              
 11                  -1  1         0  torch.nn.modules.upsampling.Upsample         [None, 2, 'nearest']          
 12             [-1, 6]  1         0  ultralytics.nn.modules.conv.Concat           [1]                           
 13                  -1  1    361984  ultralytics.nn.modules.block.C3              [512, 256, 1, False]          
 14                  -1  1     33024  ultralytics.nn.modules.conv.Conv             [256, 128, 1, 1]              
 15                  -1  1         0  torch.nn.modules.upsampling.Upsample         [None, 2, 'nearest']          
 16             [-1, 4]  1         0  ultralytics.nn.modules.conv.Concat           [1]                           
 17                  -1  1     90880  ultralytics.nn.modules.block.C3              [256, 128, 1, False]          
 18                  -1  1    147712  ultralytics.nn.modules.conv.Conv             [128, 128, 3, 2]              
 19            [-1, 14]  1         0  ultralytics.nn.modules.conv.Concat           [1]                           
 20                  -1  1    296448  ultralytics.nn.modules.block.C3              [256, 256, 1, False]          
 21                  -1  1    590336  ultralytics.nn.modules.conv.Conv             [256, 256, 3, 2]              
 22            [-1, 10]  1         0  ultralytics.nn.modules.conv.Concat           [1]                           
 23                  -1  1   1182720  ultralytics.nn.modules.block.C3              [512, 512, 1, False]          
 24        [17, 20, 23]  1   2117983  ultralytics.nn.modules.head.Detect           [5, 16, None, [128, 256, 512]]
YOLOv5s summary: 154 layers, 9,124,127 parameters, 9,124,111 gradients, 24.1 GFLOPs

Transferred 421/427 items from pretrained weights
Freezing layer 'model.24.dfl.conv.weight'
AMP: running Automatic Mixed Precision (AMP) checks...
AMP: checks passed ✅
train: Fast image access ✅ (ping: 0.0±0.0 ms, read: 2204.3±849.8 MB/s, size: 67.0 KB)
train: Scanning /content/vehicle_dataset/labels/test.cache... 13795 images, 0 backgrounds, 0 corrupt: 100% ━━━━━━━━━━━━ 13795/13795 5.8Git/s 0.0s
WARNING ⚠️ train: 13.3GB RAM required to cache images with 50% safety margin but only 7.8/12.7GB available, not caching images
albumentations: Blur(p=0.01, blur_limit=(3, 7)), MedianBlur(p=0.01, blur_limit=(3, 7)), ToGray(p=0.01, method='weighted_average', num_output_channels=3), CLAHE(p=0.01, clip_limit=(1.0, 4.0), tile_grid_size=(8, 8))
val: Fast image access ✅ (ping: 0.0±0.0 ms, read: 817.7±690.4 MB/s, size: 66.7 KB)
val: Scanning /content/vehicle_dataset/labels/test.cache... 13795 images, 0 backgrounds, 0 corrupt: 100% ━━━━━━━━━━━━ 13795/13795 876.7Mit/s 0.0s
WARNING ⚠️ val: 13.3GB RAM required to cache images with 50% safety margin but only 7.6/12.7GB available, not caching images
optimizer: 'optimizer=auto' found, ignoring 'lr0=0.01' and 'momentum=0.937' and determining best 'optimizer', 'lr0' and 'momentum' automatically... 
optimizer: MuSGD(lr=0.01, momentum=0.9) with parameter groups 69 weight(decay=0.0), 76 weight(decay=0.0005), 75 bias(decay=0.0)
Plotting labels to /content/runs/detect/train/labels.jpg... 
Image sizes 640 train, 640 val
Using 2 dataloader workers
Logging results to /content/runs/detect/train
Starting training for 50 epochs...

      Epoch    GPU_mem   box_loss   cls_loss   dfl_loss  Instances       Size
       1/50      14.3G     0.9942     0.9614      0.972        560        640: 100% ━━━━━━━━━━━━ 216/216 1.6s/it 5:43
                 Class     Images  Instances      Box(P          R      mAP50  mAP50-95): 100% ━━━━━━━━━━━━ 108/108 1.1s/it 1:54
                   all      13795     126480      0.925      0.908      0.963      0.756

      Epoch    GPU_mem   box_loss   cls_loss   dfl_loss  Instances       Size
       2/50      14.2G     0.9023     0.5457     0.9234        644        640: 100% ━━━━━━━━━━━━ 216/216 1.6s/it 5:36
                 Class     Images  Instances      Box(P          R      mAP50  mAP50-95): 100% ━━━━━━━━━━━━ 108/108 1.0s/it 1:52
                   all      13795     126480      0.905      0.911      0.955      0.712

      Epoch    GPU_mem   box_loss   cls_loss   dfl_loss  Instances       Size
       3/50      13.7G     0.9012     0.5492     0.9293        531        640: 100% ━━━━━━━━━━━━ 216/216 1.5s/it 5:33
                 Class     Images  Instances      Box(P          R      mAP50  mAP50-95): 100% ━━━━━━━━━━━━ 108/108 1.1s/it 1:55
                   all      13795     126480       0.91        0.9       0.95      0.723

      Epoch    GPU_mem   box_loss   cls_loss   dfl_loss  Instances       Size
       4/50      13.8G     0.8942     0.5407     0.9314       1150        640: 71% ━━━━━━━━╸─── 154/216 1.7s/it 4:29<1:43WARNING ⚠️ CUDA OutOfMemoryError in TaskAlignedAssigner, using CPU
       4/50      13.8G     0.8857     0.5344     0.9291        577        640: 100% ━━━━━━━━━━━━ 216/216 1.8s/it 6:19
                 Class     Images  Instances      Box(P          R      mAP50  mAP50-95): 100% ━━━━━━━━━━━━ 108/108 1.0s/it 1:49
                   all      13795     126480      0.909      0.917      0.957      0.751

      Epoch    GPU_mem   box_loss   cls_loss   dfl_loss  Instances       Size
       5/50      13.8G     0.8336     0.4919     0.9133        605        640: 100% ━━━━━━━━━━━━ 216/216 1.5s/it 5:16
                 Class     Images  Instances      Box(P          R      mAP50  mAP50-95): 100% ━━━━━━━━━━━━ 108/108 1.0it/s 1:43
                   all      13795     126480      0.913      0.921      0.965       0.77

      Epoch    GPU_mem   box_loss   cls_loss   dfl_loss  Instances       Size
       6/50      14.3G     0.8035     0.4688     0.9035        653        640: 100% ━━━━━━━━━━━━ 216/216 1.5s/it 5:20
                 Class     Images  Instances      Box(P          R      mAP50  mAP50-95): 100% ━━━━━━━━━━━━ 108/108 1.1it/s 1:41
                   all      13795     126480      0.938      0.923      0.974      0.783

      Epoch    GPU_mem   box_loss   cls_loss   dfl_loss  Instances       Size
       7/50      14.1G     0.7852     0.4515     0.8982        621        640: 100% ━━━━━━━━━━━━ 216/216 1.5s/it 5:15
                 Class     Images  Instances      Box(P          R      mAP50  mAP50-95): 100% ━━━━━━━━━━━━ 108/108 1.1it/s 1:42
                   all      13795     126480      0.949      0.941      0.981      0.798

      Epoch    GPU_mem   box_loss   cls_loss   dfl_loss  Instances       Size
       8/50      14.4G     0.7645     0.4373     0.8912        613        640: 100% ━━━━━━━━━━━━ 216/216 1.5s/it 5:19
                 Class     Images  Instances      Box(P          R      mAP50  mAP50-95): 100% ━━━━━━━━━━━━ 108/108 1.1it/s 1:42
                   all      13795     126480      0.951      0.943      0.981       0.81

      Epoch    GPU_mem   box_loss   cls_loss   dfl_loss  Instances       Size
       9/50      14.4G     0.7502     0.4249     0.8874        603        640: 100% ━━━━━━━━━━━━ 216/216 1.5s/it 5:17
                 Class     Images  Instances      Box(P          R      mAP50  mAP50-95): 100% ━━━━━━━━━━━━ 108/108 1.1it/s 1:42
                   all      13795     126480      0.945      0.939       0.98      0.804

      Epoch    GPU_mem   box_loss   cls_loss   dfl_loss  Instances       Size
      10/50      14.3G      0.738     0.4153     0.8843        523        640: 100% ━━━━━━━━━━━━ 216/216 1.5s/it 5:17
                 Class     Images  Instances      Box(P          R      mAP50  mAP50-95): 100% ━━━━━━━━━━━━ 108/108 1.1it/s 1:40
                   all      13795     126480      0.943      0.941       0.98      0.813

      Epoch    GPU_mem   box_loss   cls_loss   dfl_loss  Instances       Size
      11/50        14G     0.7283      0.406     0.8809        568        640: 100% ━━━━━━━━━━━━ 216/216 1.5s/it 5:20
                 Class     Images  Instances      Box(P          R      mAP50  mAP50-95): 100% ━━━━━━━━━━━━ 108/108 1.0it/s 1:43
                   all      13795     126480      0.956      0.947      0.984      0.822

      Epoch    GPU_mem   box_loss   cls_loss   dfl_loss  Instances       Size
      12/50      13.9G     0.7211     0.3995     0.8786        588        640: 100% ━━━━━━━━━━━━ 216/216 1.5s/it 5:19
                 Class     Images  Instances      Box(P          R      mAP50  mAP50-95): 100% ━━━━━━━━━━━━ 108/108 1.1it/s 1:43
                   all      13795     126480      0.956       0.95      0.985      0.828

      Epoch    GPU_mem   box_loss   cls_loss   dfl_loss  Instances       Size
      13/50      14.3G     0.7106     0.3922     0.8753        553        640: 100% ━━━━━━━━━━━━ 216/216 1.5s/it 5:18
                 Class     Images  Instances      Box(P          R      mAP50  mAP50-95): 100% ━━━━━━━━━━━━ 108/108 1.1it/s 1:42
                   all      13795     126480       0.96      0.952      0.987      0.836

      Epoch    GPU_mem   box_loss   cls_loss   dfl_loss  Instances       Size
      14/50      14.2G     0.7023      0.387     0.8734        600        640: 100% ━━━━━━━━━━━━ 216/216 1.5s/it 5:20
                 Class     Images  Instances      Box(P          R      mAP50  mAP50-95): 100% ━━━━━━━━━━━━ 108/108 1.0it/s 1:47
                   all      13795     126480      0.964      0.955      0.988      0.838

      Epoch    GPU_mem   box_loss   cls_loss   dfl_loss  Instances       Size
      15/50      14.2G     0.6966     0.3809      0.872        454        640: 100% ━━━━━━━━━━━━ 216/216 1.5s/it 5:20
                 Class     Images  Instances      Box(P          R      mAP50  mAP50-95): 100% ━━━━━━━━━━━━ 108/108 1.0s/it 1:51
                   all      13795     126480      0.964      0.959      0.989      0.843

      Epoch    GPU_mem   box_loss   cls_loss   dfl_loss  Instances       Size
      16/50      14.3G     0.6925     0.3775     0.8705        548        640: 100% ━━━━━━━━━━━━ 216/216 1.5s/it 5:34
                 Class     Images  Instances      Box(P          R      mAP50  mAP50-95): 100% ━━━━━━━━━━━━ 108/108 1.0it/s 1:46
                   all      13795     126480      0.969      0.957       0.99      0.847

      Epoch    GPU_mem   box_loss   cls_loss   dfl_loss  Instances       Size
      17/50      14.3G     0.6843     0.3714     0.8677        598        640: 100% ━━━━━━━━━━━━ 216/216 1.5s/it 5:34
                 Class     Images  Instances      Box(P          R      mAP50  mAP50-95): 100% ━━━━━━━━━━━━ 108/108 1.0it/s 1:48
                   all      13795     126480      0.969       0.96       0.99      0.848

      Epoch    GPU_mem   box_loss   cls_loss   dfl_loss  Instances       Size
      18/50      14.3G     0.6797     0.3675     0.8678        627        640: 100% ━━━━━━━━━━━━ 216/216 1.6s/it 5:40
                 Class     Images  Instances      Box(P          R      mAP50  mAP50-95): 100% ━━━━━━━━━━━━ 108/108 1.1s/it 2:01
                   all      13795     126480      0.965      0.958      0.989       0.85

      Epoch    GPU_mem   box_loss   cls_loss   dfl_loss  Instances       Size
      19/50      14.3G     0.6727     0.3624     0.8651        662        640: 100% ━━━━━━━━━━━━ 216/216 1.6s/it 5:56
                 Class     Images  Instances      Box(P          R      mAP50  mAP50-95): 100% ━━━━━━━━━━━━ 108/108 1.1s/it 1:60
                   all      13795     126480      0.967      0.961       0.99      0.853

      Epoch    GPU_mem   box_loss   cls_loss   dfl_loss  Instances       Size
      20/50      14.2G     0.6697     0.3601     0.8634        666        640: 100% ━━━━━━━━━━━━ 216/216 1.6s/it 5:51
                 Class     Images  Instances      Box(P          R      mAP50  mAP50-95): 100% ━━━━━━━━━━━━ 108/108 1.1s/it 1:57
                   all      13795     126480      0.967      0.964       0.99      0.855

      Epoch    GPU_mem   box_loss   cls_loss   dfl_loss  Instances       Size
      21/50      13.8G     0.6633     0.3563     0.8636        628        640: 100% ━━━━━━━━━━━━ 216/216 1.6s/it 5:48
                 Class     Images  Instances      Box(P          R      mAP50  mAP50-95): 100% ━━━━━━━━━━━━ 108/108 1.1s/it 1:60
                   all      13795     126480      0.968      0.962       0.99      0.853

      Epoch    GPU_mem   box_loss   cls_loss   dfl_loss  Instances       Size
      22/50      14.1G     0.6603     0.3533     0.8611        676        640: 100% ━━━━━━━━━━━━ 216/216 1.6s/it 5:50
                 Class     Images  Instances      Box(P          R      mAP50  mAP50-95): 100% ━━━━━━━━━━━━ 108/108 1.1s/it 1:58
                   all      13795     126480      0.971      0.963      0.991       0.86

      Epoch    GPU_mem   box_loss   cls_loss   dfl_loss  Instances       Size
      23/50      14.3G     0.6522      0.347     0.8586        569        640: 100% ━━━━━━━━━━━━ 216/216 1.6s/it 5:46
                 Class     Images  Instances      Box(P          R      mAP50  mAP50-95): 100% ━━━━━━━━━━━━ 108/108 1.1s/it 1:58
                   all      13795     126480      0.968      0.965      0.991      0.863

      Epoch    GPU_mem   box_loss   cls_loss   dfl_loss  Instances       Size
      24/50      13.8G     0.6514     0.3478     0.8592       1033        640: 76% ━━━━━━━━━─── 164/216 1.6s/it 4:30<1:21WARNING ⚠️ CUDA OutOfMemoryError in TaskAlignedAssigner, using CPU
      24/50      13.8G     0.6519     0.3475     0.8592        551        640: 100% ━━━━━━━━━━━━ 216/216 1.7s/it 6:05
                 Class     Images  Instances      Box(P          R      mAP50  mAP50-95): 100% ━━━━━━━━━━━━ 108/108 1.1s/it 2:01
                   all      13795     126480      0.972      0.966      0.991      0.863

      Epoch    GPU_mem   box_loss   cls_loss   dfl_loss  Instances       Size
      25/50      14.4G     0.6463     0.3437     0.8582        580        640: 100% ━━━━━━━━━━━━ 216/216 1.6s/it 5:56
                 Class     Images  Instances      Box(P          R      mAP50  mAP50-95): 100% ━━━━━━━━━━━━ 108/108 1.1s/it 1:56
                   all      13795     126480      0.975      0.966      0.992      0.866

      Epoch    GPU_mem   box_loss   cls_loss   dfl_loss  Instances       Size
      26/50        14G     0.6419     0.3405     0.8562        542        640: 100% ━━━━━━━━━━━━ 216/216 1.6s/it 5:40
                 Class     Images  Instances      Box(P          R      mAP50  mAP50-95): 100% ━━━━━━━━━━━━ 108/108 1.0s/it 1:53
                   all      13795     126480      0.975      0.966      0.992      0.867

      Epoch    GPU_mem   box_loss   cls_loss   dfl_loss  Instances       Size
      27/50      14.1G     0.6376     0.3367     0.8557        708        640: 100% ━━━━━━━━━━━━ 216/216 1.6s/it 5:38
                 Class     Images  Instances      Box(P          R      mAP50  mAP50-95): 100% ━━━━━━━━━━━━ 108/108 1.0s/it 1:50
                   all      13795     126480      0.969      0.968      0.991      0.867

      Epoch    GPU_mem   box_loss   cls_loss   dfl_loss  Instances       Size
      28/50      14.2G     0.6362     0.3348     0.8544        583        640: 100% ━━━━━━━━━━━━ 216/216 1.5s/it 5:25
                 Class     Images  Instances      Box(P          R      mAP50  mAP50-95): 100% ━━━━━━━━━━━━ 108/108 1.0s/it 1:51
                   all      13795     126480      0.974       0.97      0.992      0.872

      Epoch    GPU_mem   box_loss   cls_loss   dfl_loss  Instances       Size
      29/50      13.9G     0.6311     0.3305     0.8533        606        640: 100% ━━━━━━━━━━━━ 216/216 1.6s/it 5:48
                 Class     Images  Instances      Box(P          R      mAP50  mAP50-95): 100% ━━━━━━━━━━━━ 108/108 1.1s/it 1:56
                   all      13795     126480      0.973      0.968      0.992      0.872

      Epoch    GPU_mem   box_loss   cls_loss   dfl_loss  Instances       Size
      30/50        14G     0.6248     0.3281     0.8523        437        640: 100% ━━━━━━━━━━━━ 216/216 1.6s/it 5:48
                 Class     Images  Instances      Box(P          R      mAP50  mAP50-95): 100% ━━━━━━━━━━━━ 108/108 1.1s/it 1:58
                   all      13795     126480      0.976       0.97      0.992      0.875

      Epoch    GPU_mem   box_loss   cls_loss   dfl_loss  Instances       Size
      31/50      14.3G     0.6211     0.3265      0.851        563        640: 100% ━━━━━━━━━━━━ 216/216 1.6s/it 5:46
                 Class     Images  Instances      Box(P          R      mAP50  mAP50-95): 100% ━━━━━━━━━━━━ 108/108 1.1s/it 1:59
                   all      13795     126480      0.977      0.969      0.992      0.877

      Epoch    GPU_mem   box_loss   cls_loss   dfl_loss  Instances       Size
      32/50      14.2G     0.6182      0.323     0.8498        583        640: 100% ━━━━━━━━━━━━ 216/216 1.6s/it 5:54
                 Class     Images  Instances      Box(P          R      mAP50  mAP50-95): 100% ━━━━━━━━━━━━ 108/108 1.1s/it 1:59
                   all      13795     126480      0.975      0.972      0.992      0.878

      Epoch    GPU_mem   box_loss   cls_loss   dfl_loss  Instances       Size
      33/50      14.2G      0.617     0.3207       0.85        511        640: 100% ━━━━━━━━━━━━ 216/216 1.7s/it 6:00
                 Class     Images  Instances      Box(P          R      mAP50  mAP50-95): 100% ━━━━━━━━━━━━ 108/108 1.1s/it 2:01
                   all      13795     126480      0.978      0.972      0.993       0.88

      Epoch    GPU_mem   box_loss   cls_loss   dfl_loss  Instances       Size
      34/50      14.3G     0.6114     0.3169     0.8492        505        640: 100% ━━━━━━━━━━━━ 216/216 1.7s/it 5:58
                 Class     Images  Instances      Box(P          R      mAP50  mAP50-95): 100% ━━━━━━━━━━━━ 108/108 1.1s/it 2:02
                   all      13795     126480      0.976      0.972      0.993       0.88

      Epoch    GPU_mem   box_loss   cls_loss   dfl_loss  Instances       Size
      35/50        14G     0.6035     0.3136     0.8471        563        640: 100% ━━━━━━━━━━━━ 216/216 1.6s/it 5:50
                 Class     Images  Instances      Box(P          R      mAP50  mAP50-95): 100% ━━━━━━━━━━━━ 108/108 1.1s/it 1:57
                   all      13795     126480       0.98      0.972      0.993      0.882

      Epoch    GPU_mem   box_loss   cls_loss   dfl_loss  Instances       Size
      36/50      14.2G     0.6041     0.3124     0.8467        589        640: 100% ━━━━━━━━━━━━ 216/216 1.6s/it 5:35
                 Class     Images  Instances      Box(P          R      mAP50  mAP50-95): 100% ━━━━━━━━━━━━ 108/108 1.0s/it 1:50
                   all      13795     126480      0.978      0.973      0.993      0.884

      Epoch    GPU_mem   box_loss   cls_loss   dfl_loss  Instances       Size
      37/50      14.2G     0.6001     0.3095     0.8456        473        640: 100% ━━━━━━━━━━━━ 216/216 1.5s/it 5:30
                 Class     Images  Instances      Box(P          R      mAP50  mAP50-95): 100% ━━━━━━━━━━━━ 108/108 1.0s/it 1:48
                   all      13795     126480      0.981      0.974      0.993      0.884

      Epoch    GPU_mem   box_loss   cls_loss   dfl_loss  Instances       Size
      38/50      14.3G     0.5946     0.3058     0.8442        559        640: 100% ━━━━━━━━━━━━ 216/216 1.5s/it 5:32
                 Class     Images  Instances      Box(P          R      mAP50  mAP50-95): 100% ━━━━━━━━━━━━ 108/108 1.0s/it 1:52
                   all      13795     126480       0.98      0.974      0.993      0.887

      Epoch    GPU_mem   box_loss   cls_loss   dfl_loss  Instances       Size
      39/50      14.1G     0.5949     0.3049     0.8449        685        640: 100% ━━━━━━━━━━━━ 216/216 1.6s/it 5:36
                 Class     Images  Instances      Box(P          R      mAP50  mAP50-95): 100% ━━━━━━━━━━━━ 108/108 1.0s/it 1:49
                   all      13795     126480      0.981      0.974      0.993      0.887

      Epoch    GPU_mem   box_loss   cls_loss   dfl_loss  Instances       Size
      40/50      14.3G     0.5879     0.3018     0.8433        491        640: 100% ━━━━━━━━━━━━ 216/216 1.5s/it 5:32
                 Class     Images  Instances      Box(P          R      mAP50  mAP50-95): 100% ━━━━━━━━━━━━ 108/108 1.0s/it 1:50
                   all      13795     126480       0.98      0.975      0.993      0.888
Closing dataloader mosaic
albumentations: Blur(p=0.01, blur_limit=(3, 7)), MedianBlur(p=0.01, blur_limit=(3, 7)), ToGray(p=0.01, method='weighted_average', num_output_channels=3), CLAHE(p=0.01, clip_limit=(1.0, 4.0), tile_grid_size=(8, 8))

      Epoch    GPU_mem   box_loss   cls_loss   dfl_loss  Instances       Size
      41/50      13.2G     0.5818     0.2897     0.8357        341        640: 100% ━━━━━━━━━━━━ 216/216 1.5s/it 5:32
                 Class     Images  Instances      Box(P          R      mAP50  mAP50-95): 77% ━━━━━━━━━─── 83/108 1.0it/s 1:23<24.3s

5h:10 min of training completed
